#
# A fatal error has been detected by the Java Runtime Environment:
#
#  SIGSEGV (0xb) at pc=0x000000011e78658d, pid=31486, tid=2571
#
# JRE version: Java(TM) SE Runtime Environment (8.0_45-b14) (build 1.8.0_45-b14)
# Java VM: Java HotSpot(TM) 64-Bit Server VM (25.45-b02 mixed mode bsd-amd64 compressed oops)
# Problematic frame:
# C  [libglass.dylib+0x1558d]  GlassScreenDidChangeScreenParameters+0x9d
#
# Failed to write core dump. Core dumps have been disabled. To enable core dumping, try "ulimit -c unlimited" before starting Java again
#
# If you would like to submit a bug report, please visit:
#   http://bugreport.java.com/bugreport/crash.jsp
#

---------------  T H R E A D  ---------------

Current thread is native thread

siginfo: si_signo: 11 (SIGSEGV), si_code: 1 (SEGV_MAPERR), si_addr: 0x0000000000000000

Registers:
RAX=0x000000011e7b8bc0, RBX=0x0000000000000000, RCX=0x0000000000000103, RDX=0x00007fcbb41d3880
RSP=0x00007fff5bd639f0, RBP=0x00007fff5bd63a00, RSI=0x00007fcbb1c10be0, RDI=0x0000000000000000
R8 =0x0000000000000040, R9 =0x00007fff71e2d1e0, R10=0xffffffffffffffff, R11=0x0000000000000246
R12=0x00007fcbb1c7d5d0, R13=0x00007fcbb1c95a40, R14=0x00007fcbb1c95a80, R15=0x0000000000000000
RIP=0x000000011e78658d, EFLAGS=0x0000000000010202, ERR=0x0000000000000004
  TRAPNO=0x000000000000000e

Top of Stack: (sp=0x00007fff5bd639f0)
0x00007fff5bd639f0:   00007fff5bd63a48 00007fcbb1c95a80
0x00007fff5bd63a00:   00007fff5bd63a10 00007fff96551bbc
0x00007fff5bd63a10:   00007fff5bd63a30 00007fff96551b4f
0x00007fff5bd63a20:   0000000000000000 0000000000000000
0x00007fff5bd63a30:   00007fff5bd63aa0 00007fff96551ac7
0x00007fff5bd63a40:   00007fff743039d0 00007fff72fe60a0
0x00007fff5bd63a50:   0000000042000000 00007fff96551b10
0x00007fff5bd63a60:   00007fff75726720 00007fcbb1c95a40
0x00007fff5bd63a70:   00007fcbb1c7d5d0 00007fff5bd64248
0x00007fff5bd63a80:   00007fff75853780 00007fff5bd64248
0x00007fff5bd63a90:   00007fcbb1c95a40 00007fff969119e2
0x00007fff5bd63aa0:   00007fff5bd63ae0 00007fff96551832
0x00007fff5bd63ab0:   00007fff5bd640c0 0000000000000000
0x00007fff5bd63ac0:   00007fff75853780 00007fff5bd64248
0x00007fff5bd63ad0:   00007fff9391b4c0 00007fff969119e2
0x00007fff5bd63ae0:   00007fff5bd641f0 00007fff9650e5e2
0x00007fff5bd63af0:   00007fff5bd63b40 00007fff8a8403f8
0x00007fff5bd63b00:   00007fcbb1c2c5a0 00007fcbb1c1d010
0x00007fff5bd63b10:   00007fcbb2009048 00007fcbb1c806c0
0x00007fff5bd63b20:   0000000000000000 00007fcbb1c95ae0
0x00007fff5bd63b30:   0000000000000000 0000000000000000
0x00007fff5bd63b40:   00007fff75763bc0 00007fff5bd640c0
0x00007fff5bd63b50:   0000000000000001 0000000000000100
0x00007fff5bd63b60:   0000000000001000 00007fff5bd63fc0
0x00007fff5bd63b70:   0000000000000000 0000000000000100
0x00007fff5bd63b80:   00007fff5bd63b00 00007fff75853780
0x00007fff5bd63b90:   0000000000000000 00007fff75727500
0x00007fff5bd63ba0:   00007fff75853780 0000000000000000
0x00007fff5bd63bb0:   00007fff75727500 00007fcbb1c7d4b0
0x00007fff5bd63bc0:   00007fcbb1c2c500 0000000000000002
0x00007fff5bd63bd0:   0000000000000000 00007fff9391b4c0
0x00007fff5bd63be0:   00007fff5bd63da0 00007fff8ee36480 

Instructions: (pc=0x000000011e78658d)
0x000000011e78656d:   89 df 4c 89 f1 41 ff 90 68 04 00 00 48 8d 05 48
0x000000011e78657d:   25 03 00 48 8b 30 48 8d 05 36 26 03 00 48 8b 10
0x000000011e78658d:   48 8b 0b 30 c0 48 89 df ff 91 68 04 00 00 48 8b
0x000000011e78659d:   03 48 89 df ff 50 78 48 85 c0 74 36 49 89 c6 48 

Register to memory mapping:

RAX=0x000000011e7b8bc0: jScreenNotifySettingsChanged+0 in /Library/Java/JavaVirtualMachines/jdk1.8.0_45.jdk/Contents/Home/jre/lib/libglass.dylib at 0x000000011e771000
RBX=0x0000000000000000 is an unknown value
RCX=0x0000000000000103 is an unknown value
RDX=0x00007fcbb41d3880 is an unknown value
RSP=0x00007fff5bd639f0 is an unknown value
RBP=0x00007fff5bd63a00 is an unknown value
RSI=0x00007fcbb1c10be0 is a global jni handle
RDI=0x0000000000000000 is an unknown value
R8 =0x0000000000000040 is an unknown value
R9 =0x00007fff71e2d1e0: __sFX+0x1c0 in /usr/lib/system/libsystem_c.dylib at 0x00007fff84205000
R10=0xffffffffffffffff is an unknown value
R11=0x0000000000000246 is an unknown value
R12=0x00007fcbb1c7d5d0 is an unknown value
R13=0x00007fcbb1c95a40 is an unknown value
R14=0x00007fcbb1c95a80 is an unknown value
R15=0x0000000000000000 is an unknown value


Stack: [0x00007fff5b567000,0x00007fff5bd67000],  sp=0x00007fff5bd639f0,  free space=8178k
Native frames: (J=compiled Java code, j=interpreted, Vv=VM code, C=native code)
C  [libglass.dylib+0x1558d]  GlassScreenDidChangeScreenParameters+0x9d
C  [CoreFoundation+0xa0bbc]  __CFNOTIFICATIONCENTER_IS_CALLING_OUT_TO_AN_OBSERVER__+0xc
C  [CoreFoundation+0xa0b4f]  ___CFXRegistrationPost_block_invoke+0x3f
C  [CoreFoundation+0xa0ac7]  _CFXRegistrationPost+0x197
C  [CoreFoundation+0xa0832]  ___CFXNotificationPost_block_invoke+0x32
C  [CoreFoundation+0x5d5e2]  -[_CFXNotificationRegistrar find:object:observer:enumerator:]+0x782
C  [CoreFoundation+0x5c835]  _CFXNotificationPost+0x2b5
C  [Foundation+0x717a]  -[NSNotificationCenter postNotificationName:object:userInfo:]+0x42
C  [AppKit+0x41c08b]  -[NSApplication _reactToScreenInvalidationImmediately:]+0x17f
C  [AppKit+0x41bedc]  __44-[NSApplication _reactToScreenInvalidation:]_block_invoke+0x3b
C  [CoreFoundation+0xaa4ac]  __CFRUNLOOP_IS_CALLING_OUT_TO_A_BLOCK__+0xc
C  [CoreFoundation+0x89d05]  __CFRunLoopDoBlocks+0x155
C  [CoreFoundation+0x89a6b]  __CFRunLoopRun+0x92b
C  [CoreFoundation+0x88ed8]  CFRunLoopRunSpecific+0x128
C  [java+0x6490]  CreateExecutionEnvironment+0x367
C  [java+0x221c]  JLI_Launch+0x7a0
C  [java+0x84ed]  main+0x65
C  [java+0x1a74]  start+0x34


---------------  P R O C E S S  ---------------

VM state:at safepoint (normal execution)

VM Mutex/Monitor currently owned by a thread:  ([mutex/lock_event])
[0x00007fcbb1c079f0] Threads_lock - owner thread: 0x00007fcbb2827800
[0x00007fcbb1c07ef0] Heap_lock - owner thread: 0x00007fcbb280a000

Heap:
 PSYoungGen      total 41472K, used 5346K [0x0000000795580000, 0x0000000798900000, 0x00000007c0000000)
  eden space 32256K, 1% used [0x0000000795580000,0x00000007955d0bc8,0x0000000797500000)
  from space 9216K, 54% used [0x0000000798000000,0x00000007984e8030,0x0000000798900000)
  to   space 10240K, 0% used [0x0000000797500000,0x0000000797500000,0x0000000797f00000)
 ParOldGen       total 87552K, used 5605K [0x0000000740000000, 0x0000000745580000, 0x0000000795580000)
  object space 87552K, 6% used [0x0000000740000000,0x00000007405797d0,0x0000000745580000)
 Metaspace       used 19397K, capacity 20636K, committed 20736K, reserved 1067008K
  class space    used 2749K, capacity 2985K, committed 3072K, reserved 1048576K

Card table byte_map: [0x00000001149c0000,0x0000000114dc1000] byte_map_base: 0x0000000110fc0000

Marking Bits: (ParMarkBitMap*) 0x0000000104a097a0
 Begin Bits: [0x000000011506c000, 0x000000011706c000)
 End Bits:   [0x000000011706c000, 0x000000011906c000)

Polling page: 0x00000001050f3000

CodeCache: size=245760Kb used=9165Kb max_used=9602Kb free=236594Kb
 bounds [0x0000000105600000, 0x0000000105f70000, 0x0000000114600000]
 total_blobs=3713 nmethods=3039 adapters=587
 compilation: enabled

Compilation events (10 events):
Event: 4208.249 Thread 0x00007fcbb2867800 3242       3       java.util.concurrent.locks.AbstractQueuedSynchronizer$Node::predecessor (19 bytes)
Event: 4208.249 Thread 0x00007fcbb2867800 nmethod 3242 0x0000000105715750 code [0x00000001057158c0, 0x0000000105715b08]
Event: 4208.249 Thread 0x00007fcbb2867800 3243       3       java.util.concurrent.locks.AbstractQueuedSynchronizer::setHead (16 bytes)
Event: 4208.250 Thread 0x00007fcbb2867800 nmethod 3243 0x000000010573e850 code [0x000000010573e9c0, 0x000000010573eb90]
Event: 4208.254 Thread 0x00007fcbb2867800 3244  s    3       java.util.Vector::elementAt (48 bytes)
Event: 4208.254 Thread 0x00007fcbb2867800 nmethod 3244 0x00000001059602d0 code [0x00000001059604e0, 0x00000001059610a8]
Event: 4208.274 Thread 0x00007fcbb2867800 3245       3       java.lang.invoke.MethodHandles$Lookup::resolveOrFail (48 bytes)
Event: 4208.276 Thread 0x00007fcbb2867800 nmethod 3245 0x00000001057822d0 code [0x0000000105782480, 0x0000000105782af8]
Event: 4208.277 Thread 0x00007fcbb2867800 3246       3       java.lang.invoke.MethodHandles$Lookup::checkMethodName (43 bytes)
Event: 4208.278 Thread 0x00007fcbb2867800 nmethod 3246 0x00000001057fc590 code [0x00000001057fc780, 0x00000001057fd188]

GC Heap History (10 events):
Event: 228.578 GC heap before
{Heap before GC invocations=2 (full 0):
 PSYoungGen      total 38400K, used 38352K [0x0000000795580000, 0x0000000798000000, 0x00000007c0000000)
  eden space 33280K, 100% used [0x0000000795580000,0x0000000797600000,0x0000000797600000)
  from space 5120K, 99% used [0x0000000797600000,0x0000000797af4030,0x0000000797b00000)
  to   space 5120K, 0% used [0x0000000797b00000,0x0000000797b00000,0x0000000798000000)
 ParOldGen       total 87552K, used 72K [0x0000000740000000, 0x0000000745580000, 0x0000000795580000)
  object space 87552K, 0% used [0x0000000740000000,0x0000000740012010,0x0000000745580000)
 Metaspace       used 19363K, capacity 20540K, committed 20736K, reserved 1067008K
  class space    used 2741K, capacity 2977K, committed 3072K, reserved 1048576K
Event: 228.635 GC heap after
Heap after GC invocations=2 (full 0):
 PSYoungGen      total 38400K, used 5088K [0x0000000795580000, 0x0000000798000000, 0x00000007c0000000)
  eden space 33280K, 0% used [0x0000000795580000,0x0000000795580000,0x0000000797600000)
  from space 5120K, 99% used [0x0000000797b00000,0x0000000797ff8030,0x0000000798000000)
  to   space 5120K, 0% used [0x0000000797600000,0x0000000797600000,0x0000000797b00000)
 ParOldGen       total 87552K, used 5581K [0x0000000740000000, 0x0000000745580000, 0x0000000795580000)
  object space 87552K, 6% used [0x0000000740000000,0x00000007405737d0,0x0000000745580000)
 Metaspace       used 19363K, capacity 20540K, committed 20736K, reserved 1067008K
  class space    used 2741K, capacity 2977K, committed 3072K, reserved 1048576K
}
Event: 1091.188 GC heap before
{Heap before GC invocations=3 (full 0):
 PSYoungGen      total 38400K, used 38368K [0x0000000795580000, 0x0000000798000000, 0x00000007c0000000)
  eden space 33280K, 100% used [0x0000000795580000,0x0000000797600000,0x0000000797600000)
  from space 5120K, 99% used [0x0000000797b00000,0x0000000797ff8030,0x0000000798000000)
  to   space 5120K, 0% used [0x0000000797600000,0x0000000797600000,0x0000000797b00000)
 ParOldGen       total 87552K, used 5581K [0x0000000740000000, 0x0000000745580000, 0x0000000795580000)
  object space 87552K, 6% used [0x0000000740000000,0x00000007405737d0,0x0000000745580000)
 Metaspace       used 19363K, capacity 20540K, committed 20736K, reserved 1067008K
  class space    used 2741K, capacity 2977K, committed 3072K, reserved 1048576K
Event: 1091.214 GC heap after
Heap after GC invocations=3 (full 0):
 PSYoungGen      total 38400K, used 5088K [0x0000000795580000, 0x0000000798000000, 0x00000007c0000000)
  eden space 33280K, 0% used [0x0000000795580000,0x0000000795580000,0x0000000797600000)
  from space 5120K, 99% used [0x0000000797600000,0x0000000797af8030,0x0000000797b00000)
  to   space 5120K, 0% used [0x0000000797b00000,0x0000000797b00000,0x0000000798000000)
 ParOldGen       total 87552K, used 5589K [0x0000000740000000, 0x0000000745580000, 0x0000000795580000)
  object space 87552K, 6% used [0x0000000740000000,0x00000007405757d0,0x0000000745580000)
 Metaspace       used 19363K, capacity 20540K, committed 20736K, reserved 1067008K
  class space    used 2741K, capacity 2977K, committed 3072K, reserved 1048576K
}
Event: 2003.754 GC heap before
{Heap before GC invocations=4 (full 0):
 PSYoungGen      total 38400K, used 38368K [0x0000000795580000, 0x0000000798000000, 0x00000007c0000000)
  eden space 33280K, 100% used [0x0000000795580000,0x0000000797600000,0x0000000797600000)
  from space 5120K, 99% used [0x0000000797600000,0x0000000797af8030,0x0000000797b00000)
  to   space 5120K, 0% used [0x0000000797b00000,0x0000000797b00000,0x0000000798000000)
 ParOldGen       total 87552K, used 5589K [0x0000000740000000, 0x0000000745580000, 0x0000000795580000)
  object space 87552K, 6% used [0x0000000740000000,0x00000007405757d0,0x0000000745580000)
 Metaspace       used 19363K, capacity 20540K, committed 20736K, reserved 1067008K
  class space    used 2741K, capacity 2977K, committed 3072K, reserved 1048576K
Event: 2003.785 GC heap after
Heap after GC invocations=4 (full 0):
 PSYoungGen      total 38400K, used 5088K [0x0000000795580000, 0x0000000798000000, 0x00000007c0000000)
  eden space 33280K, 0% used [0x0000000795580000,0x0000000795580000,0x0000000797600000)
  from space 5120K, 99% used [0x0000000797b00000,0x0000000797ff8030,0x0000000798000000)
  to   space 5120K, 0% used [0x0000000797600000,0x0000000797600000,0x0000000797b00000)
 ParOldGen       total 87552K, used 5589K [0x0000000740000000, 0x0000000745580000, 0x0000000795580000)
  object space 87552K, 6% used [0x0000000740000000,0x00000007405757d0,0x0000000745580000)
 Metaspace       used 19363K, capacity 20540K, committed 20736K, reserved 1067008K
  class space    used 2741K, capacity 2977K, committed 3072K, reserved 1048576K
}
Event: 3072.207 GC heap before
{Heap before GC invocations=5 (full 0):
 PSYoungGen      total 38400K, used 38368K [0x0000000795580000, 0x0000000798000000, 0x00000007c0000000)
  eden space 33280K, 100% used [0x0000000795580000,0x0000000797600000,0x0000000797600000)
  from space 5120K, 99% used [0x0000000797b00000,0x0000000797ff8030,0x0000000798000000)
  to   space 5120K, 0% used [0x0000000797600000,0x0000000797600000,0x0000000797b00000)
 ParOldGen       total 87552K, used 5589K [0x0000000740000000, 0x0000000745580000, 0x0000000795580000)
  object space 87552K, 6% used [0x0000000740000000,0x00000007405757d0,0x0000000745580000)
 Metaspace       used 19363K, capacity 20540K, committed 20736K, reserved 1067008K
  class space    used 2741K, capacity 2977K, committed 3072K, reserved 1048576K
Event: 3072.241 GC heap after
Heap after GC invocations=5 (full 0):
 PSYoungGen      total 37888K, used 5088K [0x0000000795580000, 0x0000000798a80000, 0x00000007c0000000)
  eden space 32768K, 0% used [0x0000000795580000,0x0000000795580000,0x0000000797580000)
  from space 5120K, 99% used [0x0000000797600000,0x0000000797af8030,0x0000000797b00000)
  to   space 10752K, 0% used [0x0000000798000000,0x0000000798000000,0x0000000798a80000)
 ParOldGen       total 87552K, used 5605K [0x0000000740000000, 0x0000000745580000, 0x0000000795580000)
  object space 87552K, 6% used [0x0000000740000000,0x00000007405797d0,0x0000000745580000)
 Metaspace       used 19363K, capacity 20540K, committed 20736K, reserved 1067008K
  class space    used 2741K, capacity 2977K, committed 3072K, reserved 1048576K
}
Event: 4208.278 GC heap before
{Heap before GC invocations=6 (full 0):
 PSYoungGen      total 37888K, used 37856K [0x0000000795580000, 0x0000000798a80000, 0x00000007c0000000)
  eden space 32768K, 100% used [0x0000000795580000,0x0000000797580000,0x0000000797580000)
  from space 5120K, 99% used [0x0000000797600000,0x0000000797af8030,0x0000000797b00000)
  to   space 10752K, 0% used [0x0000000798000000,0x0000000798000000,0x0000000798a80000)
 ParOldGen       total 87552K, used 5605K [0x0000000740000000, 0x0000000745580000, 0x0000000795580000)
  object space 87552K, 6% used [0x0000000740000000,0x00000007405797d0,0x0000000745580000)
 Metaspace       used 19384K, capacity 20572K, committed 20736K, reserved 1067008K
  class space    used 2747K, capacity 2985K, committed 3072K, reserved 1048576K
Event: 4208.373 GC heap after
Heap after GC invocations=6 (full 0):
 PSYoungGen      total 41472K, used 5024K [0x0000000795580000, 0x0000000798900000, 0x00000007c0000000)
  eden space 32256K, 0% used [0x0000000795580000,0x0000000795580000,0x0000000797500000)
  from space 9216K, 54% used [0x0000000798000000,0x00000007984e8030,0x0000000798900000)
  to   space 10240K, 0% used [0x0000000797500000,0x0000000797500000,0x0000000797f00000)
 ParOldGen       total 87552K, used 5605K [0x0000000740000000, 0x0000000745580000, 0x0000000795580000)
  object space 87552K, 6% used [0x0000000740000000,0x00000007405797d0,0x0000000745580000)
 Metaspace       used 19384K, capacity 20572K, committed 20736K, reserved 1067008K
  class space    used 2747K, capacity 2985K, committed 3072K, reserved 1048576K
}

Deoptimization events (10 events):
Event: 8.253 Thread 0x00007fcbb21ab000 Uncommon trap: reason=unstable_if action=reinterpret pc=0x00000001059aedb4 method=jdk.internal.org.objectweb.asm.Type.getArgumentsAndReturnSizes(Ljava/lang/String;)I @ 47
Event: 31.659 Thread 0x00007fcbb21ab000 Uncommon trap: reason=unstable_if action=reinterpret pc=0x0000000105ddaed0 method=com.sun.javafx.tk.quantum.QuantumToolkit.runWithoutRenderLock(Ljava/util/function/Supplier;)Ljava/lang/Object; @ 8
Event: 31.661 Thread 0x00007fcbb21ab000 Uncommon trap: reason=unstable_if action=reinterpret pc=0x0000000105bfeaec method=javafx.scene.CssStyleHelper.lookup(Ljavafx/css/Styleable;Ljavafx/css/CssMetaData;Lcom/sun/javafx/css/StyleMap;Ljava/util/Set;Ljavafx/css/Styleable;Lcom/sun/javafx/css/Calcul
Event: 31.700 Thread 0x00007fcbb21ab000 Uncommon trap: reason=unstable_if action=reinterpret pc=0x0000000105bc7cd0 method=java.util.HashMap.removeNode(ILjava/lang/Object;Ljava/lang/Object;ZZ)Ljava/util/HashMap$Node; @ 46
Event: 73.146 Thread 0x00007fcbb21ab000 Uncommon trap: reason=unstable_if action=reinterpret pc=0x00000001058c55a8 method=java.lang.String.indexOf([CII[CIII)I @ 3
Event: 218.816 Thread 0x00007fcbb21ab000 Uncommon trap: reason=unstable_if action=reinterpret pc=0x0000000105f5b9cc method=com.sun.javafx.tk.quantum.GlassViewEventHandler.lambda$null$373(JIZI)Ljava/lang/Void; @ 25
Event: 1543.205 Thread 0x00007fcbb21ab000 Uncommon trap: reason=unstable_if action=reinterpret pc=0x00000001057189f4 method=com.sun.javafx.tk.quantum.GlassViewEventHandler.lambda$null$373(JIZI)Ljava/lang/Void; @ 63
Event: 4206.756 Thread 0x00007fcbb21ab000 Uncommon trap: reason=unstable_if action=reinterpret pc=0x00000001057a0a98 method=com.sun.javafx.tk.quantum.GlassViewEventHandler.lambda$null$373(JIZI)Ljava/lang/Void; @ 37
Event: 4208.268 Thread 0x00007fcbb21ab000 Uncommon trap: reason=unstable_if action=reinterpret pc=0x0000000105f18630 method=java.util.concurrent.locks.ReentrantLock$NonfairSync.lock()V @ 6
Event: 4208.268 Thread 0x00007fcbb21ab000 Uncommon trap: reason=unstable_if action=reinterpret pc=0x0000000105e82464 method=java.util.concurrent.locks.ReentrantLock$Sync.tryRelease(I)Z @ 28

Internal exceptions (10 events):
Event: 1.157 Thread 0x00007fcbb21ab000 Exception <a 'java/lang/NullPointerException'> (0x00000007963efce8) thrown at [/Users/java_re/workspace/8-2-build-macosx-x86_64/jdk8u45/3457/hotspot/src/share/vm/interpreter/linkResolver.cpp, line 1178]
Event: 1.157 Thread 0x00007fcbb21ab000 Exception <a 'java/lang/NullPointerException'> (0x00000007963efce8) thrown at [/Users/java_re/workspace/8-2-build-macosx-x86_64/jdk8u45/3457/hotspot/src/share/vm/prims/jvm.cpp, line 1386]
Event: 1.401 Thread 0x00007fcbb21ab000 Exception <a 'java/lang/ArrayIndexOutOfBoundsException'> (0x0000000796827eb0) thrown at [/Users/java_re/workspace/8-2-build-macosx-x86_64/jdk8u45/3457/hotspot/src/share/vm/runtime/sharedRuntime.cpp, line 605]
Event: 1.402 Thread 0x00007fcbb21ab000 Exception <a 'java/lang/ArrayIndexOutOfBoundsException'> (0x0000000796828b00) thrown at [/Users/java_re/workspace/8-2-build-macosx-x86_64/jdk8u45/3457/hotspot/src/share/vm/runtime/sharedRuntime.cpp, line 605]
Event: 1.402 Thread 0x00007fcbb21ab000 Exception <a 'java/lang/ArrayIndexOutOfBoundsException'> (0x0000000796829df8) thrown at [/Users/java_re/workspace/8-2-build-macosx-x86_64/jdk8u45/3457/hotspot/src/share/vm/runtime/sharedRuntime.cpp, line 605]
Event: 2.079 Thread 0x00007fcbb21ab000 Exception <a 'java/lang/ArrayIndexOutOfBoundsException'> (0x0000000796d7dfb0) thrown at [/Users/java_re/workspace/8-2-build-macosx-x86_64/jdk8u45/3457/hotspot/src/share/vm/runtime/sharedRuntime.cpp, line 605]
Event: 2.079 Thread 0x00007fcbb21ab000 Exception <a 'java/lang/ArrayIndexOutOfBoundsException'> (0x0000000796d7ef00) thrown at [/Users/java_re/workspace/8-2-build-macosx-x86_64/jdk8u45/3457/hotspot/src/share/vm/runtime/sharedRuntime.cpp, line 605]
Event: 2.079 Thread 0x00007fcbb21ab000 Exception <a 'java/lang/ArrayIndexOutOfBoundsException'> (0x0000000796d806c0) thrown at [/Users/java_re/workspace/8-2-build-macosx-x86_64/jdk8u45/3457/hotspot/src/share/vm/runtime/sharedRuntime.cpp, line 605]
Event: 2.268 Thread 0x00007fcbb21ab000 Implicit null exception at 0x00000001058e29f5 to 0x00000001058e2c31
Event: 3.503 Thread 0x00007fcbb21ab000 Implicit null exception at 0x0000000105aba8bb to 0x0000000105abafad

Events (10 events):
Event: 4208.373 Executing VM operation: ParallelGCFailedAllocation done
Event: 4208.497 Thread 0x00007fcbb21ab000 Thread exited: 0x00007fcbb21ab000
Event: 4208.497 loading class java/util/IdentityHashMap$KeySet
Event: 4208.498 loading class java/util/IdentityHashMap$KeySet done
Event: 4208.498 loading class java/util/IdentityHashMap$KeyIterator
Event: 4208.498 loading class java/util/IdentityHashMap$IdentityHashMapIterator
Event: 4208.498 loading class java/util/IdentityHashMap$IdentityHashMapIterator done
Event: 4208.498 loading class java/util/IdentityHashMap$KeyIterator done
Event: 4208.498 Thread 0x00007fcbb280a000 Thread exited: 0x00007fcbb280a000
Event: 4208.498 Thread 0x00007fcbb283f000 Thread exited: 0x00007fcbb283f000


Dynamic libraries:
0x00000000015dc000 	/System/Library/Frameworks/Cocoa.framework/Versions/A/Cocoa
0x00000000015dc000 	/System/Library/Frameworks/Security.framework/Versions/A/Security
0x00000000015dc000 	/System/Library/Frameworks/ApplicationServices.framework/Versions/A/ApplicationServices
0x00000000015dc000 	/usr/lib/libz.1.dylib
0x00000000015dc000 	/usr/lib/libSystem.B.dylib
0x00000000015dc000 	/usr/lib/libobjc.A.dylib
0x00000000015dc000 	/System/Library/Frameworks/CoreFoundation.framework/Versions/A/CoreFoundation
0x00000000015dc000 	/System/Library/Frameworks/Foundation.framework/Versions/C/Foundation
0x00000000015dc000 	/System/Library/Frameworks/AppKit.framework/Versions/C/AppKit
0x00000000015dc000 	/System/Library/Frameworks/CoreData.framework/Versions/A/CoreData
0x00000000015dc000 	/System/Library/PrivateFrameworks/RemoteViewServices.framework/Versions/A/RemoteViewServices
0x00000000015dc000 	/System/Library/PrivateFrameworks/UIFoundation.framework/Versions/A/UIFoundation
0x00000000015dc000 	/usr/lib/libScreenReader.dylib
0x00000000015dc000 	/System/Library/Frameworks/Accelerate.framework/Versions/A/Accelerate
0x00000000015dc000 	/System/Library/Frameworks/IOSurface.framework/Versions/A/IOSurface
0x00000000015dc000 	/System/Library/Frameworks/AudioToolbox.framework/Versions/A/AudioToolbox
0x00000000015dc000 	/System/Library/Frameworks/AudioUnit.framework/Versions/A/AudioUnit
0x00000000015dc000 	/System/Library/PrivateFrameworks/DataDetectorsCore.framework/Versions/A/DataDetectorsCore
0x00000000015dc000 	/System/Library/PrivateFrameworks/DesktopServicesPriv.framework/Versions/A/DesktopServicesPriv
0x00000000015dc000 	/System/Library/Frameworks/Carbon.framework/Versions/A/Frameworks/HIToolbox.framework/Versions/A/HIToolbox
0x00000000015dc000 	/System/Library/Frameworks/QuartzCore.framework/Versions/A/QuartzCore
0x00000000015dc000 	/System/Library/Frameworks/Carbon.framework/Versions/A/Frameworks/SpeechRecognition.framework/Versions/A/SpeechRecognition
0x00000000015dc000 	/usr/lib/libauto.dylib
0x00000000015dc000 	/usr/lib/libicucore.A.dylib
0x00000000015dc000 	/usr/lib/libxml2.2.dylib
0x00000000015dc000 	/System/Library/PrivateFrameworks/CoreUI.framework/Versions/A/CoreUI
0x00000000015dc000 	/System/Library/Frameworks/CoreAudio.framework/Versions/A/CoreAudio
0x00000000015dc000 	/System/Library/Frameworks/DiskArbitration.framework/Versions/A/DiskArbitration
0x00000000015dc000 	/usr/lib/liblangid.dylib
0x00000000015dc000 	/System/Library/PrivateFrameworks/MultitouchSupport.framework/Versions/A/MultitouchSupport
0x00000000015dc000 	/System/Library/Frameworks/IOKit.framework/Versions/A/IOKit
0x00000000015dc000 	/usr/lib/libDiagnosticMessagesClient.dylib
0x00000000015dc000 	/System/Library/Frameworks/CoreServices.framework/Versions/A/CoreServices
0x00000000015dc000 	/System/Library/PrivateFrameworks/PerformanceAnalysis.framework/Versions/A/PerformanceAnalysis
0x00000000015dc000 	/System/Library/PrivateFrameworks/GenerationalStorage.framework/Versions/A/GenerationalStorage
0x00000000015dc000 	/System/Library/Frameworks/OpenGL.framework/Versions/A/OpenGL
0x00000000015dc000 	/System/Library/PrivateFrameworks/Sharing.framework/Versions/A/Sharing
0x00000000015dc000 	/System/Library/Frameworks/CoreGraphics.framework/Versions/A/CoreGraphics
0x00000000015dc000 	/System/Library/Frameworks/CoreImage.framework/Versions/A/CoreImage
0x00000000015dc000 	/System/Library/Frameworks/CoreText.framework/Versions/A/CoreText
0x00000000015dc000 	/System/Library/Frameworks/ImageIO.framework/Versions/A/ImageIO
0x00000000015dc000 	/System/Library/PrivateFrameworks/Backup.framework/Versions/A/Backup
0x00000000015dc000 	/usr/lib/libextension.dylib
0x00000000015dc000 	/usr/lib/libarchive.2.dylib
0x00000000015dc000 	/System/Library/Frameworks/CFNetwork.framework/Versions/A/CFNetwork
0x00000000015dc000 	/System/Library/Frameworks/SystemConfiguration.framework/Versions/A/SystemConfiguration
0x00000000015dc000 	/usr/lib/libCRFSuite.dylib
0x00000000015dc000 	/usr/lib/libc++.1.dylib
0x00000000015dc000 	/usr/lib/libc++abi.dylib
0x00000000015dc000 	/usr/lib/system/libcache.dylib
0x00000000015dc000 	/usr/lib/system/libcommonCrypto.dylib
0x00000000015dc000 	/usr/lib/system/libcompiler_rt.dylib
0x00000000015dc000 	/usr/lib/system/libcopyfile.dylib
0x00000000015dc000 	/usr/lib/system/libcorecrypto.dylib
0x00000000015dc000 	/usr/lib/system/libdispatch.dylib
0x00000000015dc000 	/usr/lib/system/libdyld.dylib
0x00000000015dc000 	/usr/lib/system/libkeymgr.dylib
0x00000000015dc000 	/usr/lib/system/liblaunch.dylib
0x00000000015dc000 	/usr/lib/system/libmacho.dylib
0x00000000015dc000 	/usr/lib/system/libquarantine.dylib
0x00000000015dc000 	/usr/lib/system/libremovefile.dylib
0x00000000015dc000 	/usr/lib/system/libsystem_asl.dylib
0x00000000015dc000 	/usr/lib/system/libsystem_blocks.dylib
0x00000000015dc000 	/usr/lib/system/libsystem_c.dylib
0x00000000015dc000 	/usr/lib/system/libsystem_configuration.dylib
0x00000000015dc000 	/usr/lib/system/libsystem_coreservices.dylib
0x00000000015dc000 	/usr/lib/system/libsystem_coretls.dylib
0x00000000015dc000 	/usr/lib/system/libsystem_dnssd.dylib
0x00000000015dc000 	/usr/lib/system/libsystem_info.dylib
0x00000000015dc000 	/usr/lib/system/libsystem_kernel.dylib
0x00000000015dc000 	/usr/lib/system/libsystem_m.dylib
0x00000000015dc000 	/usr/lib/system/libsystem_malloc.dylib
0x00000000015dc000 	/usr/lib/system/libsystem_network.dylib
0x00000000015dc000 	/usr/lib/system/libsystem_networkextension.dylib
0x00000000015dc000 	/usr/lib/system/libsystem_notify.dylib
0x00000000015dc000 	/usr/lib/system/libsystem_platform.dylib
0x00000000015dc000 	/usr/lib/system/libsystem_pthread.dylib
0x00000000015dc000 	/usr/lib/system/libsystem_sandbox.dylib
0x00000000015dc000 	/usr/lib/system/libsystem_secinit.dylib
0x00000000015dc000 	/usr/lib/system/libsystem_trace.dylib
0x00000000015dc000 	/usr/lib/system/libunc.dylib
0x00000000015dc000 	/usr/lib/system/libunwind.dylib
0x00000000015dc000 	/usr/lib/system/libxpc.dylib
0x00000000015dc000 	/usr/lib/libenergytrace.dylib
0x00000000015dc000 	/usr/lib/libbsm.0.dylib
0x00000000015dc000 	/usr/lib/system/libkxld.dylib
0x00000000015dc000 	/usr/lib/libxar.1.dylib
0x00000000015dc000 	/usr/lib/libsqlite3.dylib
0x00000000015dc000 	/usr/lib/libpam.2.dylib
0x00000000015dc000 	/usr/lib/libOpenScriptingUtil.dylib
0x00000000015dc000 	/usr/lib/libbz2.1.0.dylib
0x00000000015dc000 	/usr/lib/liblzma.5.dylib
0x00000000015dc000 	/System/Library/Frameworks/CoreServices.framework/Versions/A/Frameworks/FSEvents.framework/Versions/A/FSEvents
0x00000000015dc000 	/System/Library/Frameworks/CoreServices.framework/Versions/A/Frameworks/CarbonCore.framework/Versions/A/CarbonCore
0x00000000015dc000 	/System/Library/Frameworks/CoreServices.framework/Versions/A/Frameworks/Metadata.framework/Versions/A/Metadata
0x00000000015dc000 	/System/Library/Frameworks/CoreServices.framework/Versions/A/Frameworks/OSServices.framework/Versions/A/OSServices
0x00000000015dc000 	/System/Library/Frameworks/CoreServices.framework/Versions/A/Frameworks/SearchKit.framework/Versions/A/SearchKit
0x00000000015dc000 	/System/Library/Frameworks/CoreServices.framework/Versions/A/Frameworks/AE.framework/Versions/A/AE
0x00000000015dc000 	/System/Library/Frameworks/CoreServices.framework/Versions/A/Frameworks/LaunchServices.framework/Versions/A/LaunchServices
0x00000000015dc000 	/System/Library/Frameworks/CoreServices.framework/Versions/A/Frameworks/DictionaryServices.framework/Versions/A/DictionaryServices
0x00000000015dc000 	/System/Library/Frameworks/CoreServices.framework/Versions/A/Frameworks/SharedFileList.framework/Versions/A/SharedFileList
0x00000000015dc000 	/System/Library/Frameworks/NetFS.framework/Versions/A/NetFS
0x00000000015dc000 	/System/Library/PrivateFrameworks/NetAuth.framework/Versions/A/NetAuth
0x00000000015dc000 	/System/Library/PrivateFrameworks/login.framework/Versions/A/Frameworks/loginsupport.framework/Versions/A/loginsupport
0x00000000015dc000 	/System/Library/PrivateFrameworks/TCC.framework/Versions/A/TCC
0x00000000015dc000 	/usr/lib/libmecabra.dylib
0x00000000015dc000 	/System/Library/Frameworks/ApplicationServices.framework/Versions/A/Frameworks/ATS.framework/Versions/A/ATS
0x00000000015dc000 	/System/Library/Frameworks/ApplicationServices.framework/Versions/A/Frameworks/ColorSync.framework/Versions/A/ColorSync
0x00000000015dc000 	/System/Library/Frameworks/ApplicationServices.framework/Versions/A/Frameworks/HIServices.framework/Versions/A/HIServices
0x00000000015dc000 	/System/Library/Frameworks/ApplicationServices.framework/Versions/A/Frameworks/LangAnalysis.framework/Versions/A/LangAnalysis
0x00000000015dc000 	/System/Library/Frameworks/ApplicationServices.framework/Versions/A/Frameworks/PrintCore.framework/Versions/A/PrintCore
0x00000000015dc000 	/System/Library/Frameworks/ApplicationServices.framework/Versions/A/Frameworks/QD.framework/Versions/A/QD
0x00000000015dc000 	/System/Library/Frameworks/ApplicationServices.framework/Versions/A/Frameworks/SpeechSynthesis.framework/Versions/A/SpeechSynthesis
0x00000000015dc000 	/System/Library/Frameworks/Metal.framework/Versions/A/Metal
0x00000000015dc000 	/System/Library/Frameworks/Accelerate.framework/Versions/A/Frameworks/vImage.framework/Versions/A/vImage
0x00000000015dc000 	/System/Library/Frameworks/Accelerate.framework/Versions/A/Frameworks/vecLib.framework/Versions/A/vecLib
0x00000000015dc000 	/System/Library/Frameworks/Accelerate.framework/Versions/A/Frameworks/vecLib.framework/Versions/A/libvDSP.dylib
0x00000000015dc000 	/System/Library/Frameworks/Accelerate.framework/Versions/A/Frameworks/vecLib.framework/Versions/A/libvMisc.dylib
0x00000000015dc000 	/System/Library/Frameworks/Accelerate.framework/Versions/A/Frameworks/vecLib.framework/Versions/A/libLAPACK.dylib
0x00000000015dc000 	/System/Library/Frameworks/Accelerate.framework/Versions/A/Frameworks/vecLib.framework/Versions/A/libBLAS.dylib
0x00000000015dc000 	/System/Library/Frameworks/Accelerate.framework/Versions/A/Frameworks/vecLib.framework/Versions/A/libLinearAlgebra.dylib
0x00000000015dc000 	/System/Library/Frameworks/Accelerate.framework/Versions/A/Frameworks/vecLib.framework/Versions/A/libSparseBLAS.dylib
0x00000000015dc000 	/System/Library/PrivateFrameworks/GPUCompiler.framework/libmetal_timestamp.dylib
0x00000000015dc000 	/System/Library/Frameworks/OpenGL.framework/Versions/A/Libraries/libCoreFSCache.dylib
0x00000000015dc000 	/System/Library/PrivateFrameworks/IOAccelerator.framework/Versions/A/IOAccelerator
0x00000000015dc000 	/System/Library/Frameworks/ApplicationServices.framework/Versions/A/Frameworks/ATS.framework/Versions/A/Resources/libFontParser.dylib
0x00000000015dc000 	/System/Library/Frameworks/ApplicationServices.framework/Versions/A/Frameworks/ATS.framework/Versions/A/Resources/libFontRegistry.dylib
0x00000000015dc000 	/System/Library/PrivateFrameworks/AppleVPA.framework/Versions/A/AppleVPA
0x00000000015dc000 	/System/Library/PrivateFrameworks/AppleJPEG.framework/Versions/A/AppleJPEG
0x00000000015dc000 	/System/Library/Frameworks/ImageIO.framework/Versions/A/Resources/libJPEG.dylib
0x00000000015dc000 	/System/Library/Frameworks/ImageIO.framework/Versions/A/Resources/libTIFF.dylib
0x00000000015dc000 	/System/Library/Frameworks/ImageIO.framework/Versions/A/Resources/libPng.dylib
0x00000000015dc000 	/System/Library/Frameworks/ImageIO.framework/Versions/A/Resources/libGIF.dylib
0x00000000015dc000 	/System/Library/Frameworks/ImageIO.framework/Versions/A/Resources/libJP2.dylib
0x00000000015dc000 	/System/Library/Frameworks/ImageIO.framework/Versions/A/Resources/libRadiance.dylib
0x00000000015dc000 	/System/Library/Frameworks/CoreVideo.framework/Versions/A/CoreVideo
0x00000000015dc000 	/System/Library/Frameworks/OpenGL.framework/Versions/A/Libraries/libGLU.dylib
0x00000000015dc000 	/System/Library/Frameworks/OpenGL.framework/Versions/A/Libraries/libGFXShared.dylib
0x00000000015dc000 	/System/Library/Frameworks/OpenGL.framework/Versions/A/Libraries/libGL.dylib
0x00000000015dc000 	/System/Library/Frameworks/OpenGL.framework/Versions/A/Libraries/libGLImage.dylib
0x00000000015dc000 	/System/Library/Frameworks/OpenGL.framework/Versions/A/Libraries/libCVMSPluginSupport.dylib
0x00000000015dc000 	/System/Library/Frameworks/OpenGL.framework/Versions/A/Libraries/libCoreVMClient.dylib
0x00000000015dc000 	/usr/lib/libcompression.dylib
0x00000000015dc000 	/usr/lib/libcups.2.dylib
0x00000000015dc000 	/System/Library/Frameworks/Kerberos.framework/Versions/A/Kerberos
0x00000000015dc000 	/System/Library/Frameworks/GSS.framework/Versions/A/GSS
0x00000000015dc000 	/usr/lib/libresolv.9.dylib
0x00000000015dc000 	/usr/lib/libiconv.2.dylib
0x00000000015dc000 	/System/Library/PrivateFrameworks/Heimdal.framework/Versions/A/Heimdal
0x00000000015dc000 	/usr/lib/libheimdal-asn1.dylib
0x00000000015dc000 	/System/Library/Frameworks/OpenDirectory.framework/Versions/A/OpenDirectory
0x00000000015dc000 	/System/Library/PrivateFrameworks/CommonAuth.framework/Versions/A/CommonAuth
0x00000000015dc000 	/System/Library/Frameworks/OpenDirectory.framework/Versions/A/Frameworks/CFOpenDirectory.framework/Versions/A/CFOpenDirectory
0x00000000015dc000 	/System/Library/Frameworks/SecurityFoundation.framework/Versions/A/SecurityFoundation
0x00000000015dc000 	/System/Library/PrivateFrameworks/LanguageModeling.framework/Versions/A/LanguageModeling
0x00000000015dc000 	/usr/lib/libmarisa.dylib
0x00000000015dc000 	/usr/lib/libChineseTokenizer.dylib
0x00000000015dc000 	/usr/lib/libcmph.dylib
0x00000000015dc000 	/System/Library/Frameworks/ServiceManagement.framework/Versions/A/ServiceManagement
0x00000000015dc000 	/usr/lib/libxslt.1.dylib
0x00000000015dc000 	/System/Library/Frameworks/Carbon.framework/Versions/A/Frameworks/Ink.framework/Versions/A/Ink
0x00000000015dc000 	/usr/lib/libFosl_dynamic.dylib
0x00000000015dc000 	/System/Library/PrivateFrameworks/FaceCore.framework/Versions/A/FaceCore
0x00000000015dc000 	/System/Library/Frameworks/OpenCL.framework/Versions/A/OpenCL
0x00000000015dc000 	/System/Library/PrivateFrameworks/CrashReporterSupport.framework/Versions/A/CrashReporterSupport
0x00000000015dc000 	/System/Library/PrivateFrameworks/IconServices.framework/Versions/A/IconServices
0x00000000015dc000 	/System/Library/PrivateFrameworks/Apple80211.framework/Versions/A/Apple80211
0x00000000015dc000 	/System/Library/Frameworks/CoreWLAN.framework/Versions/A/CoreWLAN
0x00000000015dc000 	/System/Library/Frameworks/IOBluetooth.framework/Versions/A/IOBluetooth
0x00000000015dc000 	/System/Library/PrivateFrameworks/CoreWiFi.framework/Versions/A/CoreWiFi
0x00000000015dc000 	/System/Library/Frameworks/CoreBluetooth.framework/Versions/A/CoreBluetooth
0x00000000015dc000 	/System/Library/PrivateFrameworks/ChunkingLibrary.framework/Versions/A/ChunkingLibrary
0x00000000015dc000 	/System/Library/PrivateFrameworks/DebugSymbols.framework/Versions/A/DebugSymbols
0x00000000015dc000 	/System/Library/PrivateFrameworks/CoreSymbolication.framework/Versions/A/CoreSymbolication
0x00000000015dc000 	/System/Library/PrivateFrameworks/Symbolication.framework/Versions/A/Symbolication
0x00000000015dc000 	/System/Library/PrivateFrameworks/SpeechRecognitionCore.framework/Versions/A/SpeechRecognitionCore
0x0000000104147000 	/Library/Java/JavaVirtualMachines/jdk1.8.0_45.jdk/Contents/Home/jre/lib/server/libjvm.dylib
0x00000000015dc000 	/usr/lib/libstdc++.6.dylib
0x00000001050b0000 	/Library/Java/JavaVirtualMachines/jdk1.8.0_45.jdk/Contents/Home/jre/lib/libverify.dylib
0x00000001050be000 	/Library/Java/JavaVirtualMachines/jdk1.8.0_45.jdk/Contents/Home/jre/lib/libjava.dylib
0x0000000105101000 	/Library/Java/JavaVirtualMachines/jdk1.8.0_45.jdk/Contents/Home/jre/lib/libzip.dylib
0x000000011a806000 	/System/Library/Frameworks/JavaVM.framework/Frameworks/JavaRuntimeSupport.framework/JavaRuntimeSupport
0x000000011a821000 	/System/Library/Frameworks/JavaVM.framework/Versions/A/Frameworks/JavaNativeFoundation.framework/Versions/A/JavaNativeFoundation
0x000000011a836000 	/System/Library/Frameworks/JavaVM.framework/Versions/A/JavaVM
0x00000000015dc000 	/System/Library/Frameworks/Carbon.framework/Versions/A/Carbon
0x000000011a843000 	/System/Library/PrivateFrameworks/JavaLaunching.framework/Versions/A/JavaLaunching
0x00000000015dc000 	/System/Library/Frameworks/Carbon.framework/Versions/A/Frameworks/CommonPanels.framework/Versions/A/CommonPanels
0x00000000015dc000 	/System/Library/Frameworks/Carbon.framework/Versions/A/Frameworks/Help.framework/Versions/A/Help
0x00000000015dc000 	/System/Library/Frameworks/Carbon.framework/Versions/A/Frameworks/ImageCapture.framework/Versions/A/ImageCapture
0x00000000015dc000 	/System/Library/Frameworks/Carbon.framework/Versions/A/Frameworks/OpenScripting.framework/Versions/A/OpenScripting
0x00000000015dc000 	/System/Library/Frameworks/Carbon.framework/Versions/A/Frameworks/Print.framework/Versions/A/Print
0x00000000015dc000 	/System/Library/Frameworks/Carbon.framework/Versions/A/Frameworks/SecurityHI.framework/Versions/A/SecurityHI
0x000000011c236000 	/Library/Java/JavaVirtualMachines/jdk1.8.0_45.jdk/Contents/Home/jre/lib/libprism_es2.dylib
0x00000000015dc000 	/System/Library/Frameworks/OpenGL.framework/Versions/A/Resources/GLEngine.bundle/GLEngine
0x00000000015dc000 	/System/Library/Frameworks/OpenGL.framework/Versions/A/Libraries/libGLProgrammability.dylib
0x000000011c2b8000 	/System/Library/Extensions/GeForceTeslaGLDriver.bundle/Contents/MacOS/GeForceTeslaGLDriver
0x000000011de78000 	/System/Library/Extensions/GeForceTeslaGLDriver.bundle/Contents/MacOS/libclh.dylib
0x00000000015dc000 	/System/Library/PrivateFrameworks/GPUSupport.framework/Versions/A/Libraries/libGPUSupport.dylib
0x00000000015dc000 	/System/Library/Frameworks/OpenGL.framework/Versions/A/Resources/GLRendererFloat.bundle/GLRendererFloat
0x00000000015dc000 	/System/Library/Frameworks/OpenCL.framework/Versions/A/Libraries/libcldcpuengine.dylib
0x00000000015dc000 	/System/Library/PrivateFrameworks/DiskImages.framework/Versions/A/DiskImages
0x00000000015dc000 	/System/Library/Frameworks/DiscRecording.framework/Versions/A/DiscRecording
0x00000000015dc000 	/usr/lib/libcsfde.dylib
0x00000000015dc000 	/usr/lib/libcurl.4.dylib
0x00000000015dc000 	/System/Library/PrivateFrameworks/MediaKit.framework/Versions/A/MediaKit
0x00000000015dc000 	/System/Library/PrivateFrameworks/ProtectedCloudStorage.framework/Versions/A/ProtectedCloudStorage
0x00000000015dc000 	/usr/lib/libCoreStorage.dylib
0x00000000015dc000 	/System/Library/PrivateFrameworks/EFILogin.framework/Versions/A/EFILogin
0x00000000015dc000 	/usr/lib/libutil.dylib
0x00000000015dc000 	/System/Library/PrivateFrameworks/FindMyDevice.framework/Versions/A/FindMyDevice
0x00000000015dc000 	/System/Library/Frameworks/LDAP.framework/Versions/A/LDAP
0x00000000015dc000 	/usr/lib/libsasl2.2.dylib
0x00000000015dc000 	/System/Library/PrivateFrameworks/CoreDaemon.framework/Versions/B/CoreDaemon
0x00000000015dc000 	/usr/lib/libcrypto.0.9.8.dylib
0x00000000015dc000 	/System/Library/PrivateFrameworks/AppleSRP.framework/Versions/A/AppleSRP
0x00000000015dc000 	/System/Library/PrivateFrameworks/TrustEvaluationAgent.framework/Versions/A/TrustEvaluationAgent
0x000000011e771000 	/Library/Java/JavaVirtualMachines/jdk1.8.0_45.jdk/Contents/Home/jre/lib/libglass.dylib
0x00000000015dc000 	/System/Library/PrivateFrameworks/CoreServicesInternal.framework/Versions/A/CoreServicesInternal
0x00000000015dc000 	/System/Library/CoreServices/RawCamera.bundle/Contents/MacOS/RawCamera
0x00000000015dc000 	/System/Library/Frameworks/CoreGraphics.framework/Versions/A/Resources/libRIP.A.dylib
0x00000000015dc000 	/System/Library/Frameworks/Accelerate.framework/Versions/A/Frameworks/vImage.framework/Versions/A/Libraries/libCGInterfaces.dylib
0x00000000015dc000 	/System/Library/PrivateFrameworks/FamilyControls.framework/Versions/A/FamilyControls
0x00000000015dc000 	/System/Library/PrivateFrameworks/CommerceKit.framework/Versions/A/Frameworks/CommerceCore.framework/Versions/A/CommerceCore
0x00000000015dc000 	/System/Library/PrivateFrameworks/SystemAdministration.framework/Versions/A/SystemAdministration
0x00000000015dc000 	/System/Library/PrivateFrameworks/AppContainer.framework/Versions/A/AppContainer
0x00000000015dc000 	/System/Library/PrivateFrameworks/SecCodeWrapper.framework/Versions/A/SecCodeWrapper
0x00000000015dc000 	/System/Library/Frameworks/DirectoryService.framework/Versions/A/DirectoryService
0x00000000015dc000 	/System/Library/PrivateFrameworks/LoginUIKit.framework/Versions/A/Frameworks/LoginUICore.framework/Versions/A/LoginUICore
0x00000000015dc000 	/usr/lib/libodfde.dylib
0x0000000121126000 	/Library/Java/JavaVirtualMachines/jdk1.8.0_45.jdk/Contents/Home/jre/lib/libjavafx_font.dylib
0x00000000015dc000 	/System/Library/Frameworks/CoreGraphics.framework/Versions/A/Resources/libCGXType.A.dylib
0x000000011f3c4000 	cl_kernels
0x00000000015dc000 	/System/Library/Frameworks/OpenCL.framework/Versions/A/Libraries/ImageFormats/unorm8_bgra.dylib
0x00000000015dc000 	/System/Library/Frameworks/OpenCL.framework/Versions/A/Libraries/ImageFormats/unorm8_rgba.dylib
0x000000012439a000 	/Library/Java/JavaVirtualMachines/jdk1.8.0_45.jdk/Contents/Home/jre/lib/libprism_common.dylib

VM Arguments:
jvm_args: -Dfile.encoding=UTF-8 
java_command: /Users/mac/NetBeansProjects/WGUC482/dist/run1473853757/WGUC482.jar
java_class_path (initial): /Users/mac/NetBeansProjects/WGUC482/dist/run1473853757/WGUC482.jar
Launcher Type: SUN_STANDARD

Environment Variables:
PATH=/usr/bin:/bin:/usr/sbin:/sbin
LD_LIBRARY_PATH=/Library/Java/JavaVirtualMachines/jdk1.8.0_45.jdk/Contents/Home/jre/lib/amd64:/Library/Java/JavaVirtualMachines/jdk1.8.0_45.jdk/Contents/Home/jre/lib/i386:
SHELL=/bin/bash

Signal Handlers:
SIGSEGV: [libjvm.dylib+0x58ef95], sa_mask[0]=11111111011111110111111111111111, sa_flags=SA_ONSTACK|SA_RESTART|SA_SIGINFO
SIGBUS: [libjvm.dylib+0x58ef95], sa_mask[0]=11111111011111110111111111111111, sa_flags=SA_RESTART|SA_SIGINFO
SIGFPE: [libjvm.dylib+0x46c108], sa_mask[0]=11111111011111110111111111111111, sa_flags=SA_RESTART|SA_SIGINFO
SIGPIPE: [libjvm.dylib+0x46c108], sa_mask[0]=11111111011111110111111111111111, sa_flags=SA_RESTART|SA_SIGINFO
SIGXFSZ: [libjvm.dylib+0x46c108], sa_mask[0]=11111111011111110111111111111111, sa_flags=SA_RESTART|SA_SIGINFO
SIGILL: [libjvm.dylib+0x46c108], sa_mask[0]=11111111011111110111111111111111, sa_flags=SA_RESTART|SA_SIGINFO
SIGUSR1: SIG_DFL, sa_mask[0]=00000000000000000000000000000000, sa_flags=none
SIGUSR2: [libjvm.dylib+0x46bc26], sa_mask[0]=00100000000000000000000000000000, sa_flags=SA_RESTART|SA_SIGINFO
SIGHUP: [libjvm.dylib+0x46a1f9], sa_mask[0]=11111111011111110111111111111111, sa_flags=SA_RESTART|SA_SIGINFO
SIGINT: SIG_IGN, sa_mask[0]=00000000000000000000000000000000, sa_flags=none
SIGTERM: [libjvm.dylib+0x46a1f9], sa_mask[0]=11111111011111110111111111111111, sa_flags=SA_RESTART|SA_SIGINFO
SIGQUIT: [libjvm.dylib+0x46a1f9], sa_mask[0]=11111111011111110111111111111111, sa_flags=SA_RESTART|SA_SIGINFO


---------------  S Y S T E M  ---------------

OS:Bsduname:Darwin 15.5.0 Darwin Kernel Version 15.5.0: Tue Apr 19 18:36:36 PDT 2016; root:xnu-3248.50.21~8/RELEASE_X86_64 x86_64
rlimit: STACK 8192k, CORE 0k, NPROC 709, NOFILE 10240, AS infinity
load average:6.01 4.05 3.57

CPU:total 2 (2 cores per cpu, 1 threads per core) family 6 model 23 stepping 10, cmov, cx8, fxsr, mmx, sse, sse2, sse3, ssse3, sse4.1, tsc

Memory: 4k page, physical 8388608k(470664k free)

/proc/meminfo:


vm_info: Java HotSpot(TM) 64-Bit Server VM (25.45-b02) for bsd-amd64 JRE (1.8.0_45-b14), built on Apr 10 2015 10:46:38 by "java_re" with gcc 4.2.1 (Based on Apple Inc. build 5658) (LLVM build 2336.11.00)

time: Fri Mar 10 20:31:13 2017
elapsed time: 4208 seconds (0d 1h 10m 8s)

