#
# A fatal error has been detected by the Java Runtime Environment:
#
#  SIGSEGV (0xb) at pc=0x000000011ac6758d, pid=1457, tid=2571
#
# JRE version: Java(TM) SE Runtime Environment (8.0_45-b14) (build 1.8.0_45-b14)
# Java VM: Java HotSpot(TM) 64-Bit Server VM (25.45-b02 mixed mode bsd-amd64 compressed oops)
# Problematic frame:
# C  [libglass.dylib+0x1558d]  GlassScreenDidChangeScreenParameters+0x9d
#
# Failed to write core dump. Core dumps have been disabled. To enable core dumping, try "ulimit -c unlimited" before starting Java again
#
# If you would like to submit a bug report, please visit:
#   http://bugreport.java.com/bugreport/crash.jsp
#

---------------  T H R E A D  ---------------

Current thread is native thread

siginfo: si_signo: 11 (SIGSEGV), si_code: 1 (SEGV_MAPERR), si_addr: 0x0000000000000000

Registers:
RAX=0x000000011ac99bc0, RBX=0x0000000000000000, RCX=0x0000000000000103, RDX=0x00007fc20b31f9a8
RSP=0x00007fff5f8829f0, RBP=0x00007fff5f882a00, RSI=0x00007fc208d0aac0, RDI=0x0000000000000000
R8 =0x0000000000000040, R9 =0x00007fff71e2d1e0, R10=0xffffffffffffffff, R11=0x0000000000000246
R12=0x00007fc20b1e0d60, R13=0x00007fc208ca8520, R14=0x00007fc208ca85e0, R15=0x0000000000000000
RIP=0x000000011ac6758d, EFLAGS=0x0000000000010202, ERR=0x0000000000000004
  TRAPNO=0x000000000000000e

Top of Stack: (sp=0x00007fff5f8829f0)
0x00007fff5f8829f0:   00007fff5f882a48 00007fc208ca85e0
0x00007fff5f882a00:   00007fff5f882a10 00007fff96551bbc
0x00007fff5f882a10:   00007fff5f882a30 00007fff96551b4f
0x00007fff5f882a20:   0000000000000000 0000000000000000
0x00007fff5f882a30:   00007fff5f882aa0 00007fff96551ac7
0x00007fff5f882a40:   00007fff743039d0 00007fff72fe60a0
0x00007fff5f882a50:   0000000042000000 00007fff96551b10
0x00007fff5f882a60:   00007fff75726720 00007fc208ca8520
0x00007fff5f882a70:   00007fc20b1e0d60 00007fff5f883248
0x00007fff5f882a80:   00007fff75853780 00007fff5f883248
0x00007fff5f882a90:   00007fc208ca8520 00007fff969119e2
0x00007fff5f882aa0:   00007fff5f882ae0 00007fff96551832
0x00007fff5f882ab0:   00007fff5f8830c0 0000000000000000
0x00007fff5f882ac0:   00007fff75853780 00007fff5f883248
0x00007fff5f882ad0:   00007fff9391b4c0 00007fff969119e2
0x00007fff5f882ae0:   00007fff5f8831f0 00007fff9650e5e2
0x00007fff5f882af0:   00007fc20b16d100 0000000000000002
0x00007fff5f882b00:   0000000000000000 00007fc208c27960
0x00007fff5f882b10:   00007fc209805048 00007fc208c7a180
0x00007fff5f882b20:   0000000000000000 00007fc208ca8640
0x00007fff5f882b30:   0000000000000000 0000000000000000
0x00007fff5f882b40:   00007fff75763bc0 00007fff5f8830c0
0x00007fff5f882b50:   0000000000000001 0000000000000100
0x00007fff5f882b60:   0000000000001e00 00007fff5f882fc0
0x00007fff5f882b70:   0000000000000000 0000000000000100
0x00007fff5f882b80:   4093600000000000 00007fff75853780
0x00007fff5f882b90:   0000000000000000 00007fff75727500
0x00007fff5f882ba0:   00007fff75853780 0000000000000000
0x00007fff5f882bb0:   00007fff75727500 00007fc208c0eca0
0x00007fff5f882bc0:   00007fc20b16d100 0000000000000002
0x00007fff5f882bd0:   0000000000000000 00007fff9391b4c0
0x00007fff5f882be0:   00007fff5f882da0 00007fff8ee36480 

Instructions: (pc=0x000000011ac6758d)
0x000000011ac6756d:   89 df 4c 89 f1 41 ff 90 68 04 00 00 48 8d 05 48
0x000000011ac6757d:   25 03 00 48 8b 30 48 8d 05 36 26 03 00 48 8b 10
0x000000011ac6758d:   48 8b 0b 30 c0 48 89 df ff 91 68 04 00 00 48 8b
0x000000011ac6759d:   03 48 89 df ff 50 78 48 85 c0 74 36 49 89 c6 48 

Register to memory mapping:

RAX=0x000000011ac99bc0: jScreenNotifySettingsChanged+0 in /Library/Java/JavaVirtualMachines/jdk1.8.0_45.jdk/Contents/Home/jre/lib/libglass.dylib at 0x000000011ac52000
RBX=0x0000000000000000 is an unknown value
RCX=0x0000000000000103 is an unknown value
RDX=0x00007fc20b31f9a8 is an unknown value
RSP=0x00007fff5f8829f0 is an unknown value
RBP=0x00007fff5f882a00 is an unknown value
RSI=0x00007fc208d0aac0 is a global jni handle
RDI=0x0000000000000000 is an unknown value
R8 =0x0000000000000040 is an unknown value
R9 =